<?xml version="1.0" encoding="UTF-8"?>
<!-- Generated by org.testng.reporters.JUnitXMLReporter -->
<testsuite ignored="62" hostname="Shreyonika" failures="0" tests="4" name="Default test" time="110.121" errors="0" timestamp="2024-05-24T12:31:33 IST">
  <testcase classname="tests.Services" name="TC_001_Customer_Signin" time="19.045"/>
  <testcase classname="tests.Services" name="TC_138_checkErrorforMaxQuantity" time="24.493"/>
  <testcase classname="tests.Services" name="TC_139_checkErrorforMultipleCategeryServices" time="24.217"/>
  <testcase classname="tests.Services" name="TC_140_checkErrorforNotselectingTime" time="29.044"/>
  <testcase classname="tests.Services" name="TC_116_selectACCleaningwithBlower" time="0.0">
    <ignored/>
  </testcase> <!-- TC_116_selectACCleaningwithBlower -->
  <testcase classname="tests.Services" name="TC_136_selectHomeCompleteClean" time="0.0">
    <ignored/>
  </testcase> <!-- TC_136_selectHomeCompleteClean -->
  <testcase classname="tests.Services" name="TC_126_selectFridgeInsufficientCooling" time="0.0">
    <ignored/>
  </testcase> <!-- TC_126_selectFridgeInsufficientCooling -->
  <testcase classname="tests.Services" name="TC_109_selectDrainWastePipeRemoval" time="0.0">
    <ignored/>
  </testcase> <!-- TC_109_selectDrainWastePipeRemoval -->
  <testcase classname="tests.Services" name="TC_118_selectACLeakage" time="0.0">
    <ignored/>
  </testcase> <!-- TC_118_selectACLeakage -->
  <testcase classname="tests.Services" name="TC_081_selectOfficeConsultation" time="0.0">
    <ignored/>
  </testcase> <!-- TC_081_selectOfficeConsultation -->
  <testcase classname="tests.Services" name="TC_090_selectTapMixerTapInstall" time="0.0">
    <ignored/>
  </testcase> <!-- TC_090_selectTapMixerTapInstall -->
  <testcase classname="tests.Services" name="TC_084_selectFaucetInstallationTapsInstall" time="0.0">
    <ignored/>
  </testcase> <!-- TC_084_selectFaucetInstallationTapsInstall -->
  <testcase classname="tests.Services" name="TC_088_selectFaucetInstallationTapsRepair" time="0.0">
    <ignored/>
  </testcase> <!-- TC_088_selectFaucetInstallationTapsRepair -->
  <testcase classname="tests.Services" name="TC_106_selectBasinSinkRepair" time="0.0">
    <ignored/>
  </testcase> <!-- TC_106_selectBasinSinkRepair -->
  <testcase classname="tests.Services" name="TC_135_selectHomeRoomsClean" time="0.0">
    <ignored/>
  </testcase> <!-- TC_135_selectHomeRoomsClean -->
  <testcase classname="tests.Services" name="TC_091_selectTapMixerMixerInstall" time="0.0">
    <ignored/>
  </testcase> <!-- TC_091_selectTapMixerMixerInstall -->
  <testcase classname="tests.Services" name="TC_119_selectACConsulatation" time="0.0">
    <ignored/>
  </testcase> <!-- TC_119_selectACConsulatation -->
  <testcase classname="tests.Services" name="TC_087_selectFaucetInstallationShowerHeadRepair" time="0.0">
    <ignored/>
  </testcase> <!-- TC_087_selectFaucetInstallationShowerHeadRepair -->
  <testcase classname="tests.Services" name="TC_086_selectFaucetInstallationjetSprayRepair" time="0.0">
    <ignored/>
  </testcase> <!-- TC_086_selectFaucetInstallationjetSprayRepair -->
  <testcase classname="tests.Services" name="TC_122_selectTVConsultation" time="0.0">
    <ignored/>
  </testcase> <!-- TC_122_selectTVConsultation -->
  <testcase classname="tests.Services" name="TC_094_selectTapMixerTapsUninstall" time="0.0">
    <ignored/>
  </testcase> <!-- TC_094_selectTapMixerTapsUninstall -->
  <testcase classname="tests.Services" name="TC_115_selectACUninstallation" time="0.0">
    <ignored/>
  </testcase> <!-- TC_115_selectACUninstallation -->
  <testcase classname="tests.Services" name="TC_093_selectTapMixerMixerRepair" time="0.0">
    <ignored/>
  </testcase> <!-- TC_093_selectTapMixerMixerRepair -->
  <testcase classname="tests.Services" name="TC_079_selectCommercialBuildingConsultation" time="0.0">
    <ignored/>
  </testcase> <!-- TC_079_selectCommercialBuildingConsultation -->
  <testcase classname="tests.Services" name="TC_137_selectOfficeCommercialConsultation" time="0.0">
    <ignored/>
  </testcase> <!-- TC_137_selectOfficeCommercialConsultation -->
  <testcase classname="tests.Services" name="TC_112_selectWaterStorageConsultation" time="0.0">
    <ignored/>
  </testcase> <!-- TC_112_selectWaterStorageConsultation -->
  <testcase classname="tests.Services" name="TC_096_selectTapMixerConsultation" time="0.0">
    <ignored/>
  </testcase> <!-- TC_096_selectTapMixerConsultation -->
  <testcase classname="tests.Services" name="TC_108_selectBasinSinkConsultation" time="0.0">
    <ignored/>
  </testcase> <!-- TC_108_selectBasinSinkConsultation -->
  <testcase classname="tests.Services" name="TC_100_selectToiletIndianToiletsInstall" time="0.0">
    <ignored/>
  </testcase> <!-- TC_100_selectToiletIndianToiletsInstall -->
  <testcase classname="tests.Services" name="TC_127_selectWashingMachine" time="0.0">
    <ignored/>
  </testcase> <!-- TC_127_selectWashingMachine -->
  <testcase classname="tests.Services" name="TC_103_selectToiletFlushIssues" time="0.0">
    <ignored/>
  </testcase> <!-- TC_103_selectToiletFlushIssues -->
  <testcase classname="tests.Services" name="TC_105_selectBasinSinkInstall" time="0.0">
    <ignored/>
  </testcase> <!-- TC_105_selectBasinSinkInstall -->
  <testcase classname="tests.Services" name="TC_101_selectToiletIndianToiletsRepair" time="0.0">
    <ignored/>
  </testcase> <!-- TC_101_selectToiletIndianToiletsRepair -->
  <testcase classname="tests.Services" name="TC_104_selectToiletConsultation" time="0.0">
    <ignored/>
  </testcase> <!-- TC_104_selectToiletConsultation -->
  <testcase classname="tests.Services" name="TC_132_selectPolishWoodenFurniture" time="0.0">
    <ignored/>
  </testcase> <!-- TC_132_selectPolishWoodenFurniture -->
  <testcase classname="tests.Services" name="TC_089_selectFaucetInstallationMixerRepair" time="0.0">
    <ignored/>
  </testcase> <!-- TC_089_selectFaucetInstallationMixerRepair -->
  <testcase classname="tests.Services" name="TC_117_selectACCleaningwithFoam" time="0.0">
    <ignored/>
  </testcase> <!-- TC_117_selectACCleaningwithFoam -->
  <testcase classname="tests.Services" name="TC_123_selectFridgeFrosting" time="0.0">
    <ignored/>
  </testcase> <!-- TC_123_selectFridgeFrosting -->
  <testcase classname="tests.Services" name="TC_077_selectHomeFlatsConsultation" time="0.0">
    <ignored/>
  </testcase> <!-- TC_077_selectHomeFlatsConsultation -->
  <testcase classname="tests.Services" name="TC_095_selectTapMixerMixerUninstall" time="0.0">
    <ignored/>
  </testcase> <!-- TC_095_selectTapMixerMixerUninstall -->
  <testcase classname="tests.Services" name="TC_129_selectWashingMachineDrumIssue" time="0.0">
    <ignored/>
  </testcase> <!-- TC_129_selectWashingMachineDrumIssue -->
  <testcase classname="tests.Services" name="TC_083_selectFaucetInstallationShowerHeadInstall" time="0.0">
    <ignored/>
  </testcase> <!-- TC_083_selectFaucetInstallationShowerHeadInstall -->
  <testcase classname="tests.Services" name="TC_124_selectFridgeSmellIssue" time="0.0">
    <ignored/>
  </testcase> <!-- TC_124_selectFridgeSmellIssue -->
  <testcase classname="tests.Services" name="TC_076_selectHomeFlats1to4bhk" time="0.0">
    <ignored/>
  </testcase> <!-- TC_076_selectHomeFlats1to4bhk -->
  <testcase classname="tests.Services" name="TC_113_selectACMaintatinance" time="0.0">
    <ignored/>
  </testcase> <!-- TC_113_selectACMaintatinance -->
  <testcase classname="tests.Services" name="TC_092_selectTapMixerTapsRepair" time="0.0">
    <ignored/>
  </testcase> <!-- TC_092_selectTapMixerTapsRepair -->
  <testcase classname="tests.Services" name="TC_099_selectToiletCommodeUninstall" time="0.0">
    <ignored/>
  </testcase> <!-- TC_099_selectToiletCommodeUninstall -->
  <testcase classname="tests.Services" name="TC_133_selectBathroomCompletewash" time="0.0">
    <ignored/>
  </testcase> <!-- TC_133_selectBathroomCompletewash -->
  <testcase classname="tests.Services" name="TC_128_selectWashingMachineMotorIssue" time="0.0">
    <ignored/>
  </testcase> <!-- TC_128_selectWashingMachineMotorIssue -->
  <testcase classname="tests.Services" name="TC_098_selectToiletCommodeRepair" time="0.0">
    <ignored/>
  </testcase> <!-- TC_098_selectToiletCommodeRepair -->
  <testcase classname="tests.Services" name="TC_102_selectToiletIndianToiletsUninstall" time="0.0">
    <ignored/>
  </testcase> <!-- TC_102_selectToiletIndianToiletsUninstall -->
  <testcase classname="tests.Services" name="TC_125_selectFridgeCompressor" time="0.0">
    <ignored/>
  </testcase> <!-- TC_125_selectFridgeCompressor -->
  <testcase classname="tests.Services" name="TC_111_selectWaterStorageInstall" time="0.0">
    <ignored/>
  </testcase> <!-- TC_111_selectWaterStorageInstall -->
  <testcase classname="tests.Services" name="TC_080_selectOfficelessthan5k" time="0.0">
    <ignored/>
  </testcase> <!-- TC_080_selectOfficelessthan5k -->
  <testcase classname="tests.Services" name="TC_134_selectBathroomChemicalwash" time="0.0">
    <ignored/>
  </testcase> <!-- TC_134_selectBathroomChemicalwash -->
  <testcase classname="tests.Services" name="TC_121_selectTVPCBIssue" time="0.0">
    <ignored/>
  </testcase> <!-- TC_121_selectTVPCBIssue -->
  <testcase classname="tests.Services" name="TC_114_selectACInstallation" time="0.0">
    <ignored/>
  </testcase> <!-- TC_114_selectACInstallation -->
  <testcase classname="tests.Services" name="TC_110_selectDrainWastePipeConsultation" time="0.0">
    <ignored/>
  </testcase> <!-- TC_110_selectDrainWastePipeConsultation -->
  <testcase classname="tests.Services" name="TC_130_selectNewFurnitureEstimate" time="0.0">
    <ignored/>
  </testcase> <!-- TC_130_selectNewFurnitureEstimate -->
  <testcase classname="tests.Services" name="TC_131_selectOldFurnitureRepair" time="0.0">
    <ignored/>
  </testcase> <!-- TC_131_selectOldFurnitureRepair -->
  <testcase classname="tests.Services" name="TC_120_selectTVDisplayIssue" time="0.0">
    <ignored/>
  </testcase> <!-- TC_120_selectTVDisplayIssue -->
  <testcase classname="tests.Services" name="TC_078_selectCommercialBuildingApartment11floor" time="0.0">
    <ignored/>
  </testcase> <!-- TC_078_selectCommercialBuildingApartment11floor -->
  <testcase classname="tests.Services" name="TC_097_selectToiletCommodeInstall" time="0.0">
    <ignored/>
  </testcase> <!-- TC_097_selectToiletCommodeInstall -->
  <testcase classname="tests.Services" name="TC_107_selectBasinSinkUninstall" time="0.0">
    <ignored/>
  </testcase> <!-- TC_107_selectBasinSinkUninstall -->
  <testcase classname="tests.Services" name="TC_082_selectFaucetInstallationJetSprayInstall" time="0.0">
    <ignored/>
  </testcase> <!-- TC_082_selectFaucetInstallationJetSprayInstall -->
  <testcase classname="tests.Services" name="TC_085_selectFaucetInstallationMixerInstall" time="0.0">
    <ignored/>
  </testcase> <!-- TC_085_selectFaucetInstallationMixerInstall -->
</testsuite> <!-- Default test -->
