<?xml version="1.0" encoding="UTF-8"?>
<!-- Generated by org.testng.reporters.JUnitXMLReporter -->
<testsuite ignored="2" hostname="DESKTOP-GHF380V" failures="0" tests="1" name="Default test" time="26.61" errors="0" timestamp="2024-04-29T23:25:24 IST">
  <testcase classname="tests.VendorTests" name="vendor_SignIn_Test_ErrorMessage" time="0.028"/>
  <testcase classname="tests.VendorTests" name="vendor_SignUp_Test" time="0.0">
    <ignored/>
  </testcase> <!-- vendor_SignUp_Test -->
  <testcase classname="tests.VendorTests" name="vendor_SignIn_Test" time="0.0">
    <ignored/>
  </testcase> <!-- vendor_SignIn_Test -->
</testsuite> <!-- Default test -->
