<?xml version="1.0" encoding="UTF-8"?>
<!-- Generated by org.testng.reporters.JUnitXMLReporter -->
<testsuite ignored="0" hostname="DESKTOP-GHF380V" failures="0" tests="3" name="Test" time="140.494" errors="0" timestamp="2024-04-29T00:14:10 IST">
  <testcase classname="tests.VendorTests" name="vendor_SignUp_Test" time="61.822"/>
  <testcase classname="tests.VendorTests" name="vendor_SignIn_Test" time="47.616"/>
  <testcase classname="tests.VendorTests" name="vendor_SignIn_Test_ErrorMessage" time="27.879"/>
</testsuite> <!-- Test -->
