<?xml version="1.0" encoding="UTF-8"?>
<testng-results ignored="0" total="66" passed="66" failed="0" skipped="0">
  <reporter-output>
  </reporter-output>
  <suite started-at="2024-05-30T10:23:42 IST" name="Suite" finished-at="2024-05-30T10:48:14 IST" duration-ms="1472036">
    <groups>
    </groups>
    <test started-at="2024-05-30T10:23:42 IST" name="Test" finished-at="2024-05-30T10:48:14 IST" duration-ms="1472036">
      <class name="tests.Services">
        <test-method is-config="true" signature="setUP()[pri:0, instance:tests.Services@25b2cfcb]" started-at="2024-05-30T10:23:43 IST" name="setUP" finished-at="2024-05-30T10:24:01 IST" duration-ms="18656" status="PASS">
          <reporter-output>
          </reporter-output>
        </test-method> <!-- setUP -->
        <test-method signature="TC_001_Customer_Signin(java.lang.String,java.lang.String)[pri:1, instance:tests.Services@25b2cfcb]" started-at="2024-05-30T10:24:02 IST" name="TC_001_Customer_Signin" description="Customer SignIn with valid data" data-provider="CustomerSigninvaliddata" finished-at="2024-05-30T10:24:21 IST" duration-ms="18874" status="PASS">
          <params>
            <param index="0">
              <value>
                <![CDATA[fiweg27944@mfyax.com]]>
              </value>
            </param>
            <param index="1">
              <value>
                <![CDATA[String@123]]>
              </value>
            </param>
          </params>
          <reporter-output>
          </reporter-output>
        </test-method> <!-- TC_001_Customer_Signin -->
        <test-method signature="TC_076_selectHomeFlats1to4bhk()[pri:76, instance:tests.Services@25b2cfcb]" started-at="2024-05-30T10:24:21 IST" name="TC_076_selectHomeFlats1to4bhk" description="Painting Category Home &amp; Flat sub category" finished-at="2024-05-30T10:24:44 IST" duration-ms="22235" status="PASS">
          <reporter-output>
          </reporter-output>
        </test-method> <!-- TC_076_selectHomeFlats1to4bhk -->
        <test-method signature="TC_077_selectHomeFlatsConsultation()[pri:77, instance:tests.Services@25b2cfcb]" started-at="2024-05-30T10:24:44 IST" name="TC_077_selectHomeFlatsConsultation" description="Painting Category Home &amp; Flat sub category" finished-at="2024-05-30T10:25:04 IST" duration-ms="20276" status="PASS">
          <reporter-output>
          </reporter-output>
        </test-method> <!-- TC_077_selectHomeFlatsConsultation -->
        <test-method signature="TC_078_selectCommercialBuildingApartment11floor()[pri:78, instance:tests.Services@25b2cfcb]" started-at="2024-05-30T10:25:04 IST" name="TC_078_selectCommercialBuildingApartment11floor" description="Painting Category Commercial Building sub category" finished-at="2024-05-30T10:25:27 IST" duration-ms="23230" status="PASS">
          <reporter-output>
          </reporter-output>
        </test-method> <!-- TC_078_selectCommercialBuildingApartment11floor -->
        <test-method signature="TC_079_selectCommercialBuildingConsultation()[pri:79, instance:tests.Services@25b2cfcb]" started-at="2024-05-30T10:25:27 IST" name="TC_079_selectCommercialBuildingConsultation" description="Painting Category Commercial Building sub category" finished-at="2024-05-30T10:25:46 IST" duration-ms="19427" status="PASS">
          <reporter-output>
          </reporter-output>
        </test-method> <!-- TC_079_selectCommercialBuildingConsultation -->
        <test-method signature="TC_080_selectOfficelessthan5k()[pri:80, instance:tests.Services@25b2cfcb]" started-at="2024-05-30T10:25:46 IST" name="TC_080_selectOfficelessthan5k" description="Painting Category Office sub category" finished-at="2024-05-30T10:26:07 IST" duration-ms="20474" status="PASS">
          <reporter-output>
          </reporter-output>
        </test-method> <!-- TC_080_selectOfficelessthan5k -->
        <test-method signature="TC_081_selectOfficeConsultation()[pri:81, instance:tests.Services@25b2cfcb]" started-at="2024-05-30T10:26:07 IST" name="TC_081_selectOfficeConsultation" description="Painting Category Office sub category" finished-at="2024-05-30T10:26:27 IST" duration-ms="20264" status="PASS">
          <reporter-output>
          </reporter-output>
        </test-method> <!-- TC_081_selectOfficeConsultation -->
        <test-method signature="TC_082_selectFaucetInstallationJetSprayInstall()[pri:82, instance:tests.Services@25b2cfcb]" started-at="2024-05-30T10:26:27 IST" name="TC_082_selectFaucetInstallationJetSprayInstall" description="Plumbing Category Faucet Installation sub category" finished-at="2024-05-30T10:26:49 IST" duration-ms="21658" status="PASS">
          <reporter-output>
          </reporter-output>
        </test-method> <!-- TC_082_selectFaucetInstallationJetSprayInstall -->
        <test-method signature="TC_083_selectFaucetInstallationShowerHeadInstall()[pri:83, instance:tests.Services@25b2cfcb]" started-at="2024-05-30T10:26:49 IST" name="TC_083_selectFaucetInstallationShowerHeadInstall" description="Plumbing Category Faucet Installation sub category" finished-at="2024-05-30T10:27:11 IST" duration-ms="21876" status="PASS">
          <reporter-output>
          </reporter-output>
        </test-method> <!-- TC_083_selectFaucetInstallationShowerHeadInstall -->
        <test-method signature="TC_084_selectFaucetInstallationTapsInstall()[pri:84, instance:tests.Services@25b2cfcb]" started-at="2024-05-30T10:27:11 IST" name="TC_084_selectFaucetInstallationTapsInstall" description="Plumbing Category Faucet Installation sub category" finished-at="2024-05-30T10:27:41 IST" duration-ms="30682" status="PASS">
          <reporter-output>
          </reporter-output>
        </test-method> <!-- TC_084_selectFaucetInstallationTapsInstall -->
        <test-method signature="TC_085_selectFaucetInstallationMixerInstall()[pri:85, instance:tests.Services@25b2cfcb]" started-at="2024-05-30T10:27:41 IST" name="TC_085_selectFaucetInstallationMixerInstall" description="Plumbing Category Faucet Installation sub category" finished-at="2024-05-30T10:28:05 IST" duration-ms="23686" status="PASS">
          <reporter-output>
          </reporter-output>
        </test-method> <!-- TC_085_selectFaucetInstallationMixerInstall -->
        <test-method signature="TC_086_selectFaucetInstallationjetSprayRepair()[pri:86, instance:tests.Services@25b2cfcb]" started-at="2024-05-30T10:28:05 IST" name="TC_086_selectFaucetInstallationjetSprayRepair" description="Plumbing Category Faucet Installation sub category" finished-at="2024-05-30T10:28:27 IST" duration-ms="21817" status="PASS">
          <reporter-output>
          </reporter-output>
        </test-method> <!-- TC_086_selectFaucetInstallationjetSprayRepair -->
        <test-method signature="TC_087_selectFaucetInstallationShowerHeadRepair()[pri:87, instance:tests.Services@25b2cfcb]" started-at="2024-05-30T10:28:27 IST" name="TC_087_selectFaucetInstallationShowerHeadRepair" description="Plumbing Category Faucet Installation sub category" finished-at="2024-05-30T10:29:04 IST" duration-ms="37509" status="PASS">
          <reporter-output>
          </reporter-output>
        </test-method> <!-- TC_087_selectFaucetInstallationShowerHeadRepair -->
        <test-method signature="TC_088_selectFaucetInstallationTapsRepair()[pri:88, instance:tests.Services@25b2cfcb]" started-at="2024-05-30T10:29:04 IST" name="TC_088_selectFaucetInstallationTapsRepair" description="Plumbing Category Faucet Installation sub category" finished-at="2024-05-30T10:29:30 IST" duration-ms="25911" status="PASS">
          <reporter-output>
          </reporter-output>
        </test-method> <!-- TC_088_selectFaucetInstallationTapsRepair -->
        <test-method signature="TC_089_selectFaucetInstallationMixerRepair()[pri:89, instance:tests.Services@25b2cfcb]" started-at="2024-05-30T10:29:30 IST" name="TC_089_selectFaucetInstallationMixerRepair" description="Plumbing Category Faucet Installation sub category" finished-at="2024-05-30T10:29:57 IST" duration-ms="26286" status="PASS">
          <reporter-output>
          </reporter-output>
        </test-method> <!-- TC_089_selectFaucetInstallationMixerRepair -->
        <test-method signature="TC_090_selectTapMixerTapInstall()[pri:90, instance:tests.Services@25b2cfcb]" started-at="2024-05-30T10:29:57 IST" name="TC_090_selectTapMixerTapInstall" description="Plumbing Category Tap Mixer sub category" finished-at="2024-05-30T10:30:20 IST" duration-ms="23756" status="PASS">
          <reporter-output>
          </reporter-output>
        </test-method> <!-- TC_090_selectTapMixerTapInstall -->
        <test-method signature="TC_091_selectTapMixerMixerInstall()[pri:91, instance:tests.Services@25b2cfcb]" started-at="2024-05-30T10:30:20 IST" name="TC_091_selectTapMixerMixerInstall" description="Plumbing Category Tap Mixer sub category" finished-at="2024-05-30T10:30:42 IST" duration-ms="21750" status="PASS">
          <reporter-output>
          </reporter-output>
        </test-method> <!-- TC_091_selectTapMixerMixerInstall -->
        <test-method signature="TC_092_selectTapMixerTapsRepair()[pri:92, instance:tests.Services@25b2cfcb]" started-at="2024-05-30T10:30:42 IST" name="TC_092_selectTapMixerTapsRepair" description="Plumbing Category Tap Mixer sub category" finished-at="2024-05-30T10:31:01 IST" duration-ms="19012" status="PASS">
          <reporter-output>
          </reporter-output>
        </test-method> <!-- TC_092_selectTapMixerTapsRepair -->
        <test-method signature="TC_093_selectTapMixerMixerRepair()[pri:93, instance:tests.Services@25b2cfcb]" started-at="2024-05-30T10:31:01 IST" name="TC_093_selectTapMixerMixerRepair" description="Plumbing Category Tap Mixer sub category" finished-at="2024-05-30T10:31:23 IST" duration-ms="21958" status="PASS">
          <reporter-output>
          </reporter-output>
        </test-method> <!-- TC_093_selectTapMixerMixerRepair -->
        <test-method signature="TC_094_selectTapMixerTapsUninstall()[pri:94, instance:tests.Services@25b2cfcb]" started-at="2024-05-30T10:31:23 IST" name="TC_094_selectTapMixerTapsUninstall" description="Plumbing Category Tap Mixer sub category" finished-at="2024-05-30T10:31:47 IST" duration-ms="23829" status="PASS">
          <reporter-output>
          </reporter-output>
        </test-method> <!-- TC_094_selectTapMixerTapsUninstall -->
        <test-method signature="TC_095_selectTapMixerMixerUninstall()[pri:95, instance:tests.Services@25b2cfcb]" started-at="2024-05-30T10:31:47 IST" name="TC_095_selectTapMixerMixerUninstall" description="Plumbing Category Tap Mixer sub category" finished-at="2024-05-30T10:32:12 IST" duration-ms="24637" status="PASS">
          <reporter-output>
          </reporter-output>
        </test-method> <!-- TC_095_selectTapMixerMixerUninstall -->
        <test-method signature="TC_096_selectTapMixerConsultation()[pri:96, instance:tests.Services@25b2cfcb]" started-at="2024-05-30T10:32:12 IST" name="TC_096_selectTapMixerConsultation" description="Plumbing Category Tap Mixer sub category" finished-at="2024-05-30T10:32:35 IST" duration-ms="23219" status="PASS">
          <reporter-output>
          </reporter-output>
        </test-method> <!-- TC_096_selectTapMixerConsultation -->
        <test-method signature="TC_097_selectToiletCommodeInstall()[pri:97, instance:tests.Services@25b2cfcb]" started-at="2024-05-30T10:32:35 IST" name="TC_097_selectToiletCommodeInstall" description="Plumbing Category Toilet sub category" finished-at="2024-05-30T10:32:57 IST" duration-ms="21812" status="PASS">
          <reporter-output>
          </reporter-output>
        </test-method> <!-- TC_097_selectToiletCommodeInstall -->
        <test-method signature="TC_098_selectToiletCommodeRepair()[pri:98, instance:tests.Services@25b2cfcb]" started-at="2024-05-30T10:32:57 IST" name="TC_098_selectToiletCommodeRepair" description="Plumbing Category Toilet sub category" finished-at="2024-05-30T10:33:19 IST" duration-ms="22680" status="PASS">
          <reporter-output>
          </reporter-output>
        </test-method> <!-- TC_098_selectToiletCommodeRepair -->
        <test-method signature="TC_099_selectToiletCommodeUninstall()[pri:99, instance:tests.Services@25b2cfcb]" started-at="2024-05-30T10:33:19 IST" name="TC_099_selectToiletCommodeUninstall" description="Plumbing Category Toilet sub category" finished-at="2024-05-30T10:33:44 IST" duration-ms="24275" status="PASS">
          <reporter-output>
          </reporter-output>
        </test-method> <!-- TC_099_selectToiletCommodeUninstall -->
        <test-method signature="TC_100_selectToiletIndianToiletsInstall()[pri:100, instance:tests.Services@25b2cfcb]" started-at="2024-05-30T10:33:44 IST" name="TC_100_selectToiletIndianToiletsInstall" description="Plumbing Category Toilet sub category" finished-at="2024-05-30T10:34:04 IST" duration-ms="20828" status="PASS">
          <reporter-output>
          </reporter-output>
        </test-method> <!-- TC_100_selectToiletIndianToiletsInstall -->
        <test-method signature="TC_101_selectToiletIndianToiletsRepair()[pri:101, instance:tests.Services@25b2cfcb]" started-at="2024-05-30T10:34:04 IST" name="TC_101_selectToiletIndianToiletsRepair" description="Plumbing Category Toilet sub category" finished-at="2024-05-30T10:34:27 IST" duration-ms="23056" status="PASS">
          <reporter-output>
          </reporter-output>
        </test-method> <!-- TC_101_selectToiletIndianToiletsRepair -->
        <test-method signature="TC_102_selectToiletIndianToiletsUninstall()[pri:102, instance:tests.Services@25b2cfcb]" started-at="2024-05-30T10:34:27 IST" name="TC_102_selectToiletIndianToiletsUninstall" description="Plumbing Category Toilet sub category" finished-at="2024-05-30T10:34:51 IST" duration-ms="23579" status="PASS">
          <reporter-output>
          </reporter-output>
        </test-method> <!-- TC_102_selectToiletIndianToiletsUninstall -->
        <test-method signature="TC_103_selectToiletFlushIssues()[pri:103, instance:tests.Services@25b2cfcb]" started-at="2024-05-30T10:34:51 IST" name="TC_103_selectToiletFlushIssues" description="Plumbing Category Toilet sub category" finished-at="2024-05-30T10:35:16 IST" duration-ms="25410" status="PASS">
          <reporter-output>
          </reporter-output>
        </test-method> <!-- TC_103_selectToiletFlushIssues -->
        <test-method signature="TC_104_selectToiletConsultation()[pri:104, instance:tests.Services@25b2cfcb]" started-at="2024-05-30T10:35:16 IST" name="TC_104_selectToiletConsultation" description="Plumbing Category Toilet sub category" finished-at="2024-05-30T10:35:38 IST" duration-ms="21994" status="PASS">
          <reporter-output>
          </reporter-output>
        </test-method> <!-- TC_104_selectToiletConsultation -->
        <test-method signature="TC_105_selectBasinSinkInstall()[pri:105, instance:tests.Services@25b2cfcb]" started-at="2024-05-30T10:35:38 IST" name="TC_105_selectBasinSinkInstall" description="Plumbing Category Basin Sink sub category" finished-at="2024-05-30T10:36:00 IST" duration-ms="21742" status="PASS">
          <reporter-output>
          </reporter-output>
        </test-method> <!-- TC_105_selectBasinSinkInstall -->
        <test-method signature="TC_106_selectBasinSinkRepair()[pri:106, instance:tests.Services@25b2cfcb]" started-at="2024-05-30T10:36:00 IST" name="TC_106_selectBasinSinkRepair" description="Plumbing Category Basin Sink sub category" finished-at="2024-05-30T10:36:16 IST" duration-ms="16182" status="PASS">
          <reporter-output>
          </reporter-output>
        </test-method> <!-- TC_106_selectBasinSinkRepair -->
        <test-method signature="TC_107_selectBasinSinkUninstall()[pri:107, instance:tests.Services@25b2cfcb]" started-at="2024-05-30T10:36:16 IST" name="TC_107_selectBasinSinkUninstall" description="Plumbing Category Basin Sink sub category" finished-at="2024-05-30T10:36:36 IST" duration-ms="19791" status="PASS">
          <reporter-output>
          </reporter-output>
        </test-method> <!-- TC_107_selectBasinSinkUninstall -->
        <test-method signature="TC_108_selectBasinSinkConsultation()[pri:108, instance:tests.Services@25b2cfcb]" started-at="2024-05-30T10:36:36 IST" name="TC_108_selectBasinSinkConsultation" description="Plumbing Category Basin Sink sub category" finished-at="2024-05-30T10:36:53 IST" duration-ms="16569" status="PASS">
          <reporter-output>
          </reporter-output>
        </test-method> <!-- TC_108_selectBasinSinkConsultation -->
        <test-method signature="TC_109_selectDrainWastePipeRemoval()[pri:109, instance:tests.Services@25b2cfcb]" started-at="2024-05-30T10:36:53 IST" name="TC_109_selectDrainWastePipeRemoval" description="Plumbing Category Drain Waste Pipe sub category" finished-at="2024-05-30T10:37:13 IST" duration-ms="19986" status="PASS">
          <reporter-output>
          </reporter-output>
        </test-method> <!-- TC_109_selectDrainWastePipeRemoval -->
        <test-method signature="TC_110_selectDrainWastePipeConsultation()[pri:110, instance:tests.Services@25b2cfcb]" started-at="2024-05-30T10:37:13 IST" name="TC_110_selectDrainWastePipeConsultation" description="Plumbing Category Drain Waste Pipe sub category" finished-at="2024-05-30T10:37:30 IST" duration-ms="16788" status="PASS">
          <reporter-output>
          </reporter-output>
        </test-method> <!-- TC_110_selectDrainWastePipeConsultation -->
        <test-method signature="TC_111_selectWaterStorageInstall()[pri:111, instance:tests.Services@25b2cfcb]" started-at="2024-05-30T10:37:30 IST" name="TC_111_selectWaterStorageInstall" description="Plumbing Category Water Storage sub category" finished-at="2024-05-30T10:37:53 IST" duration-ms="23628" status="PASS">
          <reporter-output>
          </reporter-output>
        </test-method> <!-- TC_111_selectWaterStorageInstall -->
        <test-method signature="TC_112_selectWaterStorageConsultation()[pri:112, instance:tests.Services@25b2cfcb]" started-at="2024-05-30T10:37:53 IST" name="TC_112_selectWaterStorageConsultation" description="Plumbing Category Water Storage sub category" finished-at="2024-05-30T10:38:10 IST" duration-ms="16584" status="PASS">
          <reporter-output>
          </reporter-output>
        </test-method> <!-- TC_112_selectWaterStorageConsultation -->
        <test-method signature="TC_113_selectACMaintatinance()[pri:113, instance:tests.Services@25b2cfcb]" started-at="2024-05-30T10:38:10 IST" name="TC_113_selectACMaintatinance" description="Electronics Category AC sub category" finished-at="2024-05-30T10:38:32 IST" duration-ms="21863" status="PASS">
          <reporter-output>
          </reporter-output>
        </test-method> <!-- TC_113_selectACMaintatinance -->
        <test-method signature="TC_114_selectACInstallation()[pri:114, instance:tests.Services@25b2cfcb]" started-at="2024-05-30T10:38:32 IST" name="TC_114_selectACInstallation" description="Electronics Category AC sub category" finished-at="2024-05-30T10:38:51 IST" duration-ms="19428" status="PASS">
          <reporter-output>
          </reporter-output>
        </test-method> <!-- TC_114_selectACInstallation -->
        <test-method signature="TC_115_selectACUninstallation()[pri:115, instance:tests.Services@25b2cfcb]" started-at="2024-05-30T10:38:51 IST" name="TC_115_selectACUninstallation" description="Electronics Category AC sub category" finished-at="2024-05-30T10:39:13 IST" duration-ms="21906" status="PASS">
          <reporter-output>
          </reporter-output>
        </test-method> <!-- TC_115_selectACUninstallation -->
        <test-method signature="TC_116_selectACCleaningwithBlower()[pri:116, instance:tests.Services@25b2cfcb]" started-at="2024-05-30T10:39:13 IST" name="TC_116_selectACCleaningwithBlower" description="Electronics Category AC sub category" finished-at="2024-05-30T10:39:33 IST" duration-ms="20541" status="PASS">
          <reporter-output>
          </reporter-output>
        </test-method> <!-- TC_116_selectACCleaningwithBlower -->
        <test-method signature="TC_117_selectACCleaningwithFoam()[pri:117, instance:tests.Services@25b2cfcb]" started-at="2024-05-30T10:39:33 IST" name="TC_117_selectACCleaningwithFoam" description="Electronics Category AC sub category" finished-at="2024-05-30T10:39:54 IST" duration-ms="20793" status="PASS">
          <reporter-output>
          </reporter-output>
        </test-method> <!-- TC_117_selectACCleaningwithFoam -->
        <test-method signature="TC_118_selectACLeakage()[pri:118, instance:tests.Services@25b2cfcb]" started-at="2024-05-30T10:39:54 IST" name="TC_118_selectACLeakage" description="Electronics Category AC sub category" finished-at="2024-05-30T10:40:18 IST" duration-ms="24203" status="PASS">
          <reporter-output>
          </reporter-output>
        </test-method> <!-- TC_118_selectACLeakage -->
        <test-method signature="TC_119_selectACConsulatation()[pri:119, instance:tests.Services@25b2cfcb]" started-at="2024-05-30T10:40:18 IST" name="TC_119_selectACConsulatation" description="Electronics Category AC sub category" finished-at="2024-05-30T10:40:42 IST" duration-ms="23307" status="PASS">
          <reporter-output>
          </reporter-output>
        </test-method> <!-- TC_119_selectACConsulatation -->
        <test-method signature="TC_120_selectTVDisplayIssue()[pri:120, instance:tests.Services@25b2cfcb]" started-at="2024-05-30T10:40:42 IST" name="TC_120_selectTVDisplayIssue" description="Electronics Category TV sub category" finished-at="2024-05-30T10:41:03 IST" duration-ms="21265" status="PASS">
          <reporter-output>
          </reporter-output>
        </test-method> <!-- TC_120_selectTVDisplayIssue -->
        <test-method signature="TC_121_selectTVPCBIssue()[pri:121, instance:tests.Services@25b2cfcb]" started-at="2024-05-30T10:41:03 IST" name="TC_121_selectTVPCBIssue" description="Electronics Category TV sub category" finished-at="2024-05-30T10:41:25 IST" duration-ms="22273" status="PASS">
          <reporter-output>
          </reporter-output>
        </test-method> <!-- TC_121_selectTVPCBIssue -->
        <test-method signature="TC_122_selectTVConsultation()[pri:122, instance:tests.Services@25b2cfcb]" started-at="2024-05-30T10:41:25 IST" name="TC_122_selectTVConsultation" description="Electronics Category TV sub category" finished-at="2024-05-30T10:41:46 IST" duration-ms="20765" status="PASS">
          <reporter-output>
          </reporter-output>
        </test-method> <!-- TC_122_selectTVConsultation -->
        <test-method signature="TC_123_selectFridgeFrosting()[pri:123, instance:tests.Services@25b2cfcb]" started-at="2024-05-30T10:41:46 IST" name="TC_123_selectFridgeFrosting" description="Electronics Category Fridge sub category" finished-at="2024-05-30T10:42:08 IST" duration-ms="21744" status="PASS">
          <reporter-output>
          </reporter-output>
        </test-method> <!-- TC_123_selectFridgeFrosting -->
        <test-method signature="TC_124_selectFridgeSmellIssue()[pri:124, instance:tests.Services@25b2cfcb]" started-at="2024-05-30T10:42:08 IST" name="TC_124_selectFridgeSmellIssue" description="Electronics Category Fridge sub category" finished-at="2024-05-30T10:42:29 IST" duration-ms="21390" status="PASS">
          <reporter-output>
          </reporter-output>
        </test-method> <!-- TC_124_selectFridgeSmellIssue -->
        <test-method signature="TC_125_selectFridgeCompressor()[pri:125, instance:tests.Services@25b2cfcb]" started-at="2024-05-30T10:42:29 IST" name="TC_125_selectFridgeCompressor" description="Electronics Category Fridge sub category" finished-at="2024-05-30T10:42:52 IST" duration-ms="22283" status="PASS">
          <reporter-output>
          </reporter-output>
        </test-method> <!-- TC_125_selectFridgeCompressor -->
        <test-method signature="TC_126_selectFridgeInsufficientCooling()[pri:126, instance:tests.Services@25b2cfcb]" started-at="2024-05-30T10:42:52 IST" name="TC_126_selectFridgeInsufficientCooling" description="Electronics Category Fridge sub category" finished-at="2024-05-30T10:43:14 IST" duration-ms="22731" status="PASS">
          <reporter-output>
          </reporter-output>
        </test-method> <!-- TC_126_selectFridgeInsufficientCooling -->
        <test-method signature="TC_127_selectWashingMachine()[pri:127, instance:tests.Services@25b2cfcb]" started-at="2024-05-30T10:43:14 IST" name="TC_127_selectWashingMachine" description="Electronics Category Washing Machine sub category" finished-at="2024-05-30T10:43:35 IST" duration-ms="20759" status="PASS">
          <reporter-output>
          </reporter-output>
        </test-method> <!-- TC_127_selectWashingMachine -->
        <test-method signature="TC_128_selectWashingMachineMotorIssue()[pri:128, instance:tests.Services@25b2cfcb]" started-at="2024-05-30T10:43:35 IST" name="TC_128_selectWashingMachineMotorIssue" description="Electronics Category Washing Machine sub category" finished-at="2024-05-30T10:43:57 IST" duration-ms="22266" status="PASS">
          <reporter-output>
          </reporter-output>
        </test-method> <!-- TC_128_selectWashingMachineMotorIssue -->
        <test-method signature="TC_129_selectWashingMachineDrumIssue()[pri:129, instance:tests.Services@25b2cfcb]" started-at="2024-05-30T10:43:57 IST" name="TC_129_selectWashingMachineDrumIssue" description="Electronics Category Washing Machine sub category" finished-at="2024-05-30T10:44:19 IST" duration-ms="21688" status="PASS">
          <reporter-output>
          </reporter-output>
        </test-method> <!-- TC_129_selectWashingMachineDrumIssue -->
        <test-method signature="TC_130_selectNewFurnitureEstimate()[pri:130, instance:tests.Services@25b2cfcb]" started-at="2024-05-30T10:44:19 IST" name="TC_130_selectNewFurnitureEstimate" description="Carpentry Category New Furniture Estimate sub category" finished-at="2024-05-30T10:44:43 IST" duration-ms="23957" status="PASS">
          <reporter-output>
          </reporter-output>
        </test-method> <!-- TC_130_selectNewFurnitureEstimate -->
        <test-method signature="TC_131_selectOldFurnitureRepair()[pri:131, instance:tests.Services@25b2cfcb]" started-at="2024-05-30T10:44:43 IST" name="TC_131_selectOldFurnitureRepair" description="Carpentry Category Old Furniture Repair sub category" finished-at="2024-05-30T10:45:05 IST" duration-ms="22302" status="PASS">
          <reporter-output>
          </reporter-output>
        </test-method> <!-- TC_131_selectOldFurnitureRepair -->
        <test-method signature="TC_132_selectPolishWoodenFurniture()[pri:132, instance:tests.Services@25b2cfcb]" started-at="2024-05-30T10:45:05 IST" name="TC_132_selectPolishWoodenFurniture" description="Carpentry Category Polish Wooden Furniture sub category" finished-at="2024-05-30T10:45:27 IST" duration-ms="22102" status="PASS">
          <reporter-output>
          </reporter-output>
        </test-method> <!-- TC_132_selectPolishWoodenFurniture -->
        <test-method signature="TC_133_selectBathroomCompletewash()[pri:133, instance:tests.Services@25b2cfcb]" started-at="2024-05-30T10:45:27 IST" name="TC_133_selectBathroomCompletewash" description="Cleaning Category Bathroom sub category" finished-at="2024-05-30T10:45:50 IST" duration-ms="22196" status="PASS">
          <reporter-output>
          </reporter-output>
        </test-method> <!-- TC_133_selectBathroomCompletewash -->
        <test-method signature="TC_134_selectBathroomChemicalwash()[pri:134, instance:tests.Services@25b2cfcb]" started-at="2024-05-30T10:45:50 IST" name="TC_134_selectBathroomChemicalwash" description="Cleaning Category Bathroom sub category" finished-at="2024-05-30T10:46:10 IST" duration-ms="20001" status="PASS">
          <reporter-output>
          </reporter-output>
        </test-method> <!-- TC_134_selectBathroomChemicalwash -->
        <test-method signature="TC_135_selectHomeRoomsClean()[pri:135, instance:tests.Services@25b2cfcb]" started-at="2024-05-30T10:46:10 IST" name="TC_135_selectHomeRoomsClean" description="Cleaning Category Home sub category" finished-at="2024-05-30T10:46:30 IST" duration-ms="20075" status="PASS">
          <reporter-output>
          </reporter-output>
        </test-method> <!-- TC_135_selectHomeRoomsClean -->
        <test-method signature="TC_136_selectHomeCompleteClean()[pri:136, instance:tests.Services@25b2cfcb]" started-at="2024-05-30T10:46:30 IST" name="TC_136_selectHomeCompleteClean" description="Cleaning Category Home sub category" finished-at="2024-05-30T10:46:51 IST" duration-ms="21623" status="PASS">
          <reporter-output>
          </reporter-output>
        </test-method> <!-- TC_136_selectHomeCompleteClean -->
        <test-method signature="TC_137_selectOfficeCommercialConsultation()[pri:137, instance:tests.Services@25b2cfcb]" started-at="2024-05-30T10:46:51 IST" name="TC_137_selectOfficeCommercialConsultation" description="Cleaning Category Office Commercial sub category" finished-at="2024-05-30T10:47:08 IST" duration-ms="16409" status="PASS">
          <reporter-output>
          </reporter-output>
        </test-method> <!-- TC_137_selectOfficeCommercialConsultation -->
        <test-method signature="TC_138_checkErrorforMaxQuantity()[pri:138, instance:tests.Services@25b2cfcb]" started-at="2024-05-30T10:47:08 IST" name="TC_138_checkErrorforMaxQuantity" description="Check Error for Maximum Quantity" finished-at="2024-05-30T10:47:31 IST" duration-ms="23212" status="PASS">
          <reporter-output>
          </reporter-output>
        </test-method> <!-- TC_138_checkErrorforMaxQuantity -->
        <test-method signature="TC_139_checkErrorforMultipleCategeryServices()[pri:139, instance:tests.Services@25b2cfcb]" started-at="2024-05-30T10:47:31 IST" name="TC_139_checkErrorforMultipleCategeryServices" description="Check Error for Multiple Categery Services" finished-at="2024-05-30T10:47:55 IST" duration-ms="24249" status="PASS">
          <reporter-output>
          </reporter-output>
        </test-method> <!-- TC_139_checkErrorforMultipleCategeryServices -->
        <test-method signature="TC_140_checkErrorforNotselectingTime()[pri:140, instance:tests.Services@25b2cfcb]" started-at="2024-05-30T10:47:55 IST" name="TC_140_checkErrorforNotselectingTime" description="Check Error for Not selecting Time" finished-at="2024-05-30T10:48:11 IST" duration-ms="15698" status="PASS">
          <reporter-output>
          </reporter-output>
        </test-method> <!-- TC_140_checkErrorforNotselectingTime -->
        <test-method is-config="true" signature="tearDown()[pri:0, instance:tests.Services@25b2cfcb]" started-at="2024-05-30T10:48:11 IST" name="tearDown" finished-at="2024-05-30T10:48:14 IST" duration-ms="3581" status="PASS">
          <reporter-output>
          </reporter-output>
        </test-method> <!-- tearDown -->
      </class> <!-- tests.Services -->
    </test> <!-- Test -->
  </suite> <!-- Suite -->
</testng-results>
