<?xml version="1.0" encoding="UTF-8"?>
<testng-results ignored="0" total="1" passed="1" failed="0" skipped="0">
  <reporter-output>
  </reporter-output>
  <suite started-at="2024-04-21T22:32:13 IST" name="Default suite" finished-at="2024-04-21T22:32:40 IST" duration-ms="26562">
    <groups>
    </groups>
    <test started-at="2024-04-21T22:32:13 IST" name="Default test" finished-at="2024-04-21T22:32:40 IST" duration-ms="26562">
      <class name="tests.CustomerTests">
        <test-method signature="customer_Login_Test()[pri:1, instance:tests.CustomerTests@1c9f0a20]" started-at="2024-04-21T22:32:13 IST" name="customer_Login_Test" description="Login as Customer" finished-at="2024-04-21T22:32:40 IST" duration-ms="26458" status="PASS">
          <reporter-output>
          </reporter-output>
        </test-method> <!-- customer_Login_Test -->
      </class> <!-- tests.CustomerTests -->
    </test> <!-- Default test -->
  </suite> <!-- Default suite -->
</testng-results>
